<?xml version="1.0" encoding="UTF-8"?>
<testsuite name="com.example.platform.ConfigServiceApplicationTests" tests="1" skipped="0" failures="0" errors="0" timestamp="2019-09-13T19:24:34" hostname="A05041411" time="0.198">
  <properties/>
  <testcase name="contextLoads" classname="com.example.platform.ConfigServiceApplicationTests" time="0.198"/>
  <system-out><![CDATA[2019-09-13 12:24:27,223 Test worker DEBUG Apache Log4j Core 2.11.2 initializing configuration XmlConfiguration[location=/Users/yh13095/progs/scratch/mycode/platform-services/config-service/build/resources/main/log4j2.xml]
2019-09-13 12:24:27,228 Test worker DEBUG Installed 1 script engine
2019-09-13 12:24:27,393 Test worker DEBUG Oracle Nashorn version: 1.8.0_222, language: ECMAScript, threading: Not Thread Safe, compile: true, names: [nashorn, Nashorn, js, JS, JavaScript, javascript, ECMAScript, ecmascript], factory class: jdk.nashorn.api.scripting.NashornScriptEngineFactory
2019-09-13 12:24:27,394 Test worker DEBUG PluginManager 'Core' found 118 plugins
2019-09-13 12:24:27,394 Test worker DEBUG PluginManager 'Level' found 0 plugins
2019-09-13 12:24:27,398 Test worker DEBUG Building Plugin[name=property, class=org.apache.logging.log4j.core.config.Property].
2019-09-13 12:24:27,406 Test worker DEBUG PluginManager 'TypeConverter' found 26 plugins
2019-09-13 12:24:27,410 Test worker DEBUG createProperty(name="LOG_MAX_FILE_SIZE", value="30 MB")
2019-09-13 12:24:27,411 Test worker DEBUG Building Plugin[name=property, class=org.apache.logging.log4j.core.config.Property].
2019-09-13 12:24:27,411 Test worker DEBUG createProperty(name="LOG_MAX_INDEX", value="10")
2019-09-13 12:24:27,411 Test worker DEBUG Building Plugin[name=property, class=org.apache.logging.log4j.core.config.Property].
2019-09-13 12:24:27,412 Test worker DEBUG createProperty(name="LOG_FILE_LOCATION_PREFIX", value="/tmp")
2019-09-13 12:24:27,412 Test worker DEBUG Building Plugin[name=property, class=org.apache.logging.log4j.core.config.Property].
2019-09-13 12:24:27,412 Test worker DEBUG createProperty(name="LOG_FILE", value="${LOG_FILE_LOCATION_PREFIX}/config-service.log")
2019-09-13 12:24:27,413 Test worker DEBUG Building Plugin[name=property, class=org.apache.logging.log4j.core.config.Property].
2019-09-13 12:24:27,413 Test worker DEBUG createProperty(name="LOG_FILE_PATTERN", value="${LOG_FILE}.%i.log.gz")
2019-09-13 12:24:27,413 Test worker DEBUG Building Plugin[name=property, class=org.apache.logging.log4j.core.config.Property].
2019-09-13 12:24:27,414 Test worker DEBUG createProperty(name="PID", value="????")
2019-09-13 12:24:27,414 Test worker DEBUG Building Plugin[name=property, class=org.apache.logging.log4j.core.config.Property].
2019-09-13 12:24:27,414 Test worker DEBUG createProperty(name="LOG_EXCEPTION_CONVERSION_WORD", value="%xwEx")
2019-09-13 12:24:27,414 Test worker DEBUG Building Plugin[name=property, class=org.apache.logging.log4j.core.config.Property].
2019-09-13 12:24:27,415 Test worker DEBUG createProperty(name="LOG_LEVEL_PATTERN", value="%5p")
2019-09-13 12:24:27,415 Test worker DEBUG Building Plugin[name=property, class=org.apache.logging.log4j.core.config.Property].
2019-09-13 12:24:27,415 Test worker DEBUG createProperty(name="LOG_DATEFORMAT_PATTERN", value="yyyy-MM-dd HH:mm:ss.SSS")
2019-09-13 12:24:27,415 Test worker DEBUG Building Plugin[name=property, class=org.apache.logging.log4j.core.config.Property].
2019-09-13 12:24:27,416 Test worker DEBUG createProperty(name="CONSOLE_LOG_PATTERN", value="%clr{%d{${LOG_DATEFORMAT_PATTERN}}}{faint} %clr{${LOG_LEVEL_PATTERN}} %clr{${sys:PID}}{magenta} %clr{---}{faint} %clr{[%15.15t]}{faint} %clr{%-40.40c{1.}}{cyan} %clr{:}{faint} %m%n${sys:LOG_EXCEPTION_CONVERSION_WORD}")
2019-09-13 12:24:27,416 Test worker DEBUG Building Plugin[name=property, class=org.apache.logging.log4j.core.config.Property].
2019-09-13 12:24:27,416 Test worker DEBUG createProperty(name="FILE_LOG_PATTERN", value="%d{${LOG_DATEFORMAT_PATTERN}} ${LOG_LEVEL_PATTERN} ${sys:PID} --- [%t] %-40.40c{1.} : %m%n${sys:LOG_EXCEPTION_CONVERSION_WORD}")
2019-09-13 12:24:27,417 Test worker DEBUG Building Plugin[name=properties, class=org.apache.logging.log4j.core.config.PropertiesPlugin].
2019-09-13 12:24:27,420 Test worker DEBUG configureSubstitutor(={LOG_MAX_FILE_SIZE=30 MB, LOG_MAX_INDEX=10, LOG_FILE_LOCATION_PREFIX=/tmp, LOG_FILE=${LOG_FILE_LOCATION_PREFIX}/config-service.log, LOG_FILE_PATTERN=${LOG_FILE}.%i.log.gz, PID=????, LOG_EXCEPTION_CONVERSION_WORD=%xwEx, LOG_LEVEL_PATTERN=%5p, LOG_DATEFORMAT_PATTERN=yyyy-MM-dd HH:mm:ss.SSS, CONSOLE_LOG_PATTERN=%clr{%d{${LOG_DATEFORMAT_PATTERN}}}{faint} %clr{${LOG_LEVEL_PATTERN}} %clr{${sys:PID}}{magenta} %clr{---}{faint} %clr{[%15.15t]}{faint} %clr{%-40.40c{1.}}{cyan} %clr{:}{faint} %m%n${sys:LOG_EXCEPTION_CONVERSION_WORD}, FILE_LOG_PATTERN=%d{${LOG_DATEFORMAT_PATTERN}} ${LOG_LEVEL_PATTERN} ${sys:PID} --- [%t] %-40.40c{1.} : %m%n${sys:LOG_EXCEPTION_CONVERSION_WORD}}, Configuration(/Users/yh13095/progs/scratch/mycode/platform-services/config-service/build/resources/main/log4j2.xml))
2019-09-13 12:24:27,420 Test worker DEBUG PluginManager 'Lookup' found 13 plugins
2019-09-13 12:24:27,421 Test worker DEBUG Building Plugin[name=layout, class=org.apache.logging.log4j.core.layout.PatternLayout].
2019-09-13 12:24:27,425 Test worker DEBUG PatternLayout$Builder(pattern="%d{yyyy-MM-dd HH:mm:ss.SSS} %5p ???? --- [%t] %-40.40c{1.} : %m%n%xwEx", PatternSelector=null, Configuration(/Users/yh13095/progs/scratch/mycode/platform-services/config-service/build/resources/main/log4j2.xml), Replace=null, charset="null", alwaysWriteExceptions="null", disableAnsi="null", noConsoleNoAnsi="null", header="null", footer="null")
2019-09-13 12:24:27,425 Test worker DEBUG PluginManager 'Converter' found 47 plugins
2019-09-13 12:24:27,433 Test worker DEBUG Building Plugin[name=SizeBasedTriggeringPolicy, class=org.apache.logging.log4j.core.appender.rolling.SizeBasedTriggeringPolicy].
2019-09-13 12:24:27,435 Test worker DEBUG createPolicy(size="30 MB")
2019-09-13 12:24:27,436 Test worker DEBUG Building Plugin[name=Policies, class=org.apache.logging.log4j.core.appender.rolling.CompositeTriggeringPolicy].
2019-09-13 12:24:27,436 Test worker DEBUG createPolicy(={SizeBasedTriggeringPolicy(size=31457280)})
2019-09-13 12:24:27,437 Test worker DEBUG Building Plugin[name=DefaultRolloverStrategy, class=org.apache.logging.log4j.core.appender.rolling.DefaultRolloverStrategy].
2019-09-13 12:24:27,439 Test worker DEBUG DefaultRolloverStrategy$Builder(max="10", min="null", fileIndex="null", compressionLevel="null", ={}, stopCustomActionsOnError="null", tempCompressedFilePattern="null", Configuration(/Users/yh13095/progs/scratch/mycode/platform-services/config-service/build/resources/main/log4j2.xml))
2019-09-13 12:24:27,439 Test worker DEBUG Building Plugin[name=appender, class=org.apache.logging.log4j.core.appender.RollingRandomAccessFileAppender].
2019-09-13 12:24:27,445 Test worker DEBUG RollingRandomAccessFileAppender$Builder(fileName="/tmp/config-service.log", filePattern="/tmp/config-service.log.%i.log.gz", append="false", Policies(CompositeTriggeringPolicy(policies=[SizeBasedTriggeringPolicy(size=31457280)])), DefaultRolloverStrategy(DefaultRolloverStrategy(min=1, max=10, useMax=true)), advertise="null", advertiseURI="null", filePermissions="null", fileOwner="null", fileGroup="null", bufferedIo="null", bufferSize="null", immediateFlush="false", ignoreExceptions="null", PatternLayout(%d{yyyy-MM-dd HH:mm:ss.SSS} %5p ???? --- [%t] %-40.40c{1.} : %m%n%xwEx), name="RandomAccessFile", Configuration(/Users/yh13095/progs/scratch/mycode/platform-services/config-service/build/resources/main/log4j2.xml), Filter=null, ={})
2019-09-13 12:24:27,450 Test worker DEBUG Starting RollingRandomAccessFileManager /tmp/config-service.log
2019-09-13 12:24:27,455 Test worker DEBUG PluginManager 'FileConverter' found 2 plugins
2019-09-13 12:24:27,457 Test worker DEBUG Setting prev file time to 2019-09-13T12:24:27.449-0700
2019-09-13 12:24:27,458 Test worker DEBUG Initializing triggering policy CompositeTriggeringPolicy(policies=[SizeBasedTriggeringPolicy(size=31457280)])
2019-09-13 12:24:27,458 Test worker DEBUG Initializing triggering policy SizeBasedTriggeringPolicy(size=31457280)
2019-09-13 12:24:27,459 Test worker DEBUG Building Plugin[name=layout, class=org.apache.logging.log4j.core.layout.PatternLayout].
2019-09-13 12:24:27,459 Test worker DEBUG PatternLayout$Builder(pattern="%clr{%d{yyyy-MM-dd HH:mm:ss.SSS}}{faint} %clr{%5p} %clr{????}{magenta} %clr{---}{faint} %clr{[%15.15t]}{faint} %clr{%-40.40c{1.}}{cyan} %clr{:}{faint} %m%n%xwEx", PatternSelector=null, Configuration(/Users/yh13095/progs/scratch/mycode/platform-services/config-service/build/resources/main/log4j2.xml), Replace=null, charset="null", alwaysWriteExceptions="null", disableAnsi="null", noConsoleNoAnsi="null", header="null", footer="null")
2019-09-13 12:24:27,461 Test worker DEBUG Building Plugin[name=appender, class=org.apache.logging.log4j.core.appender.ConsoleAppender].
2019-09-13 12:24:27,463 Test worker DEBUG ConsoleAppender$Builder(target="SYSTEM_OUT", follow="true", direct="null", bufferedIo="null", bufferSize="null", immediateFlush="null", ignoreExceptions="null", PatternLayout(%clr{%d{yyyy-MM-dd HH:mm:ss.SSS}}{faint} %clr{%5p} %clr{????}{magenta} %clr{---}{faint} %clr{[%15.15t]}{faint} %clr{%-40.40c{1.}}{cyan} %clr{:}{faint} %m%n%xwEx), name="Console", Configuration(/Users/yh13095/progs/scratch/mycode/platform-services/config-service/build/resources/main/log4j2.xml), Filter=null, ={})
2019-09-13 12:24:27,464 Test worker DEBUG Starting OutputStreamManager SYSTEM_OUT.true.false
2019-09-13 12:24:27,465 Test worker DEBUG Building Plugin[name=appenders, class=org.apache.logging.log4j.core.config.AppendersPlugin].
2019-09-13 12:24:27,465 Test worker DEBUG createAppenders(={RandomAccessFile, Console})
2019-09-13 12:24:27,465 Test worker DEBUG Building Plugin[name=logger, class=org.apache.logging.log4j.core.config.LoggerConfig].
2019-09-13 12:24:27,467 Test worker DEBUG createLogger(additivity="true", level="ERROR", name="org.apache.catalina.startup.DigesterFactory", includeLocation="null", ={}, ={}, Configuration(/Users/yh13095/progs/scratch/mycode/platform-services/config-service/build/resources/main/log4j2.xml), Filter=null)
2019-09-13 12:24:27,468 Test worker DEBUG Building Plugin[name=logger, class=org.apache.logging.log4j.core.config.LoggerConfig].
2019-09-13 12:24:27,469 Test worker DEBUG createLogger(additivity="true", level="ERROR", name="org.apache.catalina.util.LifecycleBase", includeLocation="null", ={}, ={}, Configuration(/Users/yh13095/progs/scratch/mycode/platform-services/config-service/build/resources/main/log4j2.xml), Filter=null)
2019-09-13 12:24:27,469 Test worker DEBUG Building Plugin[name=logger, class=org.apache.logging.log4j.core.config.LoggerConfig].
2019-09-13 12:24:27,470 Test worker DEBUG createLogger(additivity="true", level="WARN", name="org.apache.coyote.http11.Http11NioProtocol", includeLocation="null", ={}, ={}, Configuration(/Users/yh13095/progs/scratch/mycode/platform-services/config-service/build/resources/main/log4j2.xml), Filter=null)
2019-09-13 12:24:27,470 Test worker DEBUG Building Plugin[name=logger, class=org.apache.logging.log4j.core.config.LoggerConfig].
2019-09-13 12:24:27,470 Test worker DEBUG createLogger(additivity="true", level="WARN", name="org.apache.sshd.common.util.SecurityUtils", includeLocation="null", ={}, ={}, Configuration(/Users/yh13095/progs/scratch/mycode/platform-services/config-service/build/resources/main/log4j2.xml), Filter=null)
2019-09-13 12:24:27,471 Test worker DEBUG Building Plugin[name=logger, class=org.apache.logging.log4j.core.config.LoggerConfig].
2019-09-13 12:24:27,471 Test worker DEBUG createLogger(additivity="true", level="WARN", name="org.apache.tomcat.util.net.NioSelectorPool", includeLocation="null", ={}, ={}, Configuration(/Users/yh13095/progs/scratch/mycode/platform-services/config-service/build/resources/main/log4j2.xml), Filter=null)
2019-09-13 12:24:27,472 Test worker DEBUG Building Plugin[name=logger, class=org.apache.logging.log4j.core.config.LoggerConfig].
2019-09-13 12:24:27,472 Test worker DEBUG createLogger(additivity="true", level="ERROR", name="org.eclipse.jetty.util.component.AbstractLifeCycle", includeLocation="null", ={}, ={}, Configuration(/Users/yh13095/progs/scratch/mycode/platform-services/config-service/build/resources/main/log4j2.xml), Filter=null)
2019-09-13 12:24:27,473 Test worker DEBUG Building Plugin[name=logger, class=org.apache.logging.log4j.core.config.LoggerConfig].
2019-09-13 12:24:27,473 Test worker DEBUG createLogger(additivity="true", level="WARN", name="org.hibernate.validator.internal.util.Version", includeLocation="null", ={}, ={}, Configuration(/Users/yh13095/progs/scratch/mycode/platform-services/config-service/build/resources/main/log4j2.xml), Filter=null)
2019-09-13 12:24:27,473 Test worker DEBUG Building Plugin[name=logger, class=org.apache.logging.log4j.core.config.LoggerConfig].
2019-09-13 12:24:27,474 Test worker DEBUG createLogger(additivity="true", level="WARN", name="org.springframework.boot.actuate.endpoint.jmx", includeLocation="null", ={}, ={}, Configuration(/Users/yh13095/progs/scratch/mycode/platform-services/config-service/build/resources/main/log4j2.xml), Filter=null)
2019-09-13 12:24:27,474 Test worker DEBUG Building Plugin[name=AppenderRef, class=org.apache.logging.log4j.core.config.AppenderRef].
2019-09-13 12:24:27,475 Test worker DEBUG createAppenderRef(ref="RandomAccessFile", level="null", Filter=null)
2019-09-13 12:24:27,475 Test worker DEBUG Building Plugin[name=AppenderRef, class=org.apache.logging.log4j.core.config.AppenderRef].
2019-09-13 12:24:27,475 Test worker DEBUG createAppenderRef(ref="Console", level="null", Filter=null)
2019-09-13 12:24:27,475 Test worker DEBUG Building Plugin[name=root, class=org.apache.logging.log4j.core.config.LoggerConfig$RootLogger].
2019-09-13 12:24:27,476 Test worker DEBUG createLogger(additivity="null", level="INFO", includeLocation="null", ={RandomAccessFile, Console}, ={}, Configuration(/Users/yh13095/progs/scratch/mycode/platform-services/config-service/build/resources/main/log4j2.xml), Filter=null)
2019-09-13 12:24:27,476 Test worker DEBUG Building Plugin[name=loggers, class=org.apache.logging.log4j.core.config.LoggersPlugin].
2019-09-13 12:24:27,477 Test worker DEBUG createLoggers(={org.apache.catalina.startup.DigesterFactory, org.apache.catalina.util.LifecycleBase, org.apache.coyote.http11.Http11NioProtocol, org.apache.sshd.common.util.SecurityUtils, org.apache.tomcat.util.net.NioSelectorPool, org.eclipse.jetty.util.component.AbstractLifeCycle, org.hibernate.validator.internal.util.Version, org.springframework.boot.actuate.endpoint.jmx, root})
2019-09-13 12:24:27,478 Test worker DEBUG Configuration XmlConfiguration[location=/Users/yh13095/progs/scratch/mycode/platform-services/config-service/build/resources/main/log4j2.xml] initialized
2019-09-13 12:24:27,478 Test worker DEBUG Starting configuration XmlConfiguration[location=/Users/yh13095/progs/scratch/mycode/platform-services/config-service/build/resources/main/log4j2.xml]
2019-09-13 12:24:27,479 Test worker DEBUG Log4j2 ConfigurationScheduler starting 1 threads
2019-09-13 12:24:27,480 Test worker DEBUG Started configuration XmlConfiguration[location=/Users/yh13095/progs/scratch/mycode/platform-services/config-service/build/resources/main/log4j2.xml] OK.
2019-09-13 12:24:27,480 Test worker DEBUG Shutting down OutputStreamManager SYSTEM_OUT.false.false-1
2019-09-13 12:24:27,481 Test worker DEBUG Shut down OutputStreamManager SYSTEM_OUT.false.false-1, all resources released: true
2019-09-13 12:24:27,481 Test worker DEBUG Appender DefaultConsole-1 stopped with status true
2019-09-13 12:24:27,481 Test worker DEBUG Stopped org.apache.logging.log4j.core.config.DefaultConfiguration@27c16aa7 OK
2019-09-13 12:24:27,513 Test worker DEBUG Registering MBean org.apache.logging.log4j2:type=2a139a55
2019-09-13 12:24:27,514 Test worker DEBUG Registering MBean org.apache.logging.log4j2:type=2a139a55,component=StatusLogger
2019-09-13 12:24:27,515 Test worker DEBUG Registering MBean org.apache.logging.log4j2:type=2a139a55,component=ContextSelector
2019-09-13 12:24:27,516 Test worker DEBUG Registering MBean org.apache.logging.log4j2:type=2a139a55,component=Loggers,name=org.apache.tomcat.util.net.NioSelectorPool
2019-09-13 12:24:27,516 Test worker DEBUG Registering MBean org.apache.logging.log4j2:type=2a139a55,component=Loggers,name=org.hibernate.validator.internal.util.Version
2019-09-13 12:24:27,516 Test worker DEBUG Registering MBean org.apache.logging.log4j2:type=2a139a55,component=Loggers,name=
2019-09-13 12:24:27,517 Test worker DEBUG Registering MBean org.apache.logging.log4j2:type=2a139a55,component=Loggers,name=org.apache.coyote.http11.Http11NioProtocol
2019-09-13 12:24:27,517 Test worker DEBUG Registering MBean org.apache.logging.log4j2:type=2a139a55,component=Loggers,name=org.springframework.boot.actuate.endpoint.jmx
2019-09-13 12:24:27,517 Test worker DEBUG Registering MBean org.apache.logging.log4j2:type=2a139a55,component=Loggers,name=org.apache.catalina.startup.DigesterFactory
2019-09-13 12:24:27,517 Test worker DEBUG Registering MBean org.apache.logging.log4j2:type=2a139a55,component=Loggers,name=org.eclipse.jetty.util.component.AbstractLifeCycle
2019-09-13 12:24:27,518 Test worker DEBUG Registering MBean org.apache.logging.log4j2:type=2a139a55,component=Loggers,name=org.apache.catalina.util.LifecycleBase
2019-09-13 12:24:27,518 Test worker DEBUG Registering MBean org.apache.logging.log4j2:type=2a139a55,component=Loggers,name=org.apache.sshd.common.util.SecurityUtils
2019-09-13 12:24:27,519 Test worker DEBUG Registering MBean org.apache.logging.log4j2:type=2a139a55,component=Appenders,name=RandomAccessFile
2019-09-13 12:24:27,519 Test worker DEBUG Registering MBean org.apache.logging.log4j2:type=2a139a55,component=Appenders,name=Console
2019-09-13 12:24:27,521 Test worker DEBUG org.apache.logging.log4j.core.util.SystemClock does not support precise timestamps.
2019-09-13 12:24:27,521 Test worker DEBUG Reconfiguration complete for context[name=2a139a55] at URI /Users/yh13095/progs/scratch/mycode/platform-services/config-service/build/resources/main/log4j2.xml (org.apache.logging.log4j.core.LoggerContext@7ce1bcc6) with optional ClassLoader: null
2019-09-13 12:24:27,522 Test worker DEBUG Shutdown hook enabled. Registering a new one.
2019-09-13 12:24:27,522 Test worker DEBUG LoggerContext[name=2a139a55, org.apache.logging.log4j.core.LoggerContext@7ce1bcc6] started OK.
2019-09-13 12:24:27.571  INFO ???? --- [    Test worker] .b.t.c.SpringBootTestContextBootstrapper : Neither @ContextConfiguration nor @ContextHierarchy found for test class [com.example.platform.ConfigServiceApplicationTests], using SpringBootContextLoader
2019-09-13 12:24:27,574 Test worker DEBUG AsyncLogger.ThreadNameStrategy=UNCACHED (user specified null, default is UNCACHED)
2019-09-13 12:24:27,575 Test worker DEBUG org.apache.logging.log4j.core.util.SystemClock does not support precise timestamps.
2019-09-13 12:24:27.578  INFO ???? --- [    Test worker] o.s.t.c.s.AbstractContextLoader          : Could not detect default resource locations for test class [com.example.platform.ConfigServiceApplicationTests]: no resource found for suffixes {-context.xml, Context.groovy}.
2019-09-13 12:24:27.578  INFO ???? --- [    Test worker] t.c.s.AnnotationConfigContextLoaderUtils : Could not detect default configuration classes for test class [com.example.platform.ConfigServiceApplicationTests]: ConfigServiceApplicationTests does not declare any static, non-private, non-final, nested classes annotated with @Configuration.
2019-09-13 12:24:27.658  INFO ???? --- [    Test worker] .b.t.c.SpringBootTestContextBootstrapper : Found @SpringBootConfiguration com.example.platform.ConfigServiceApplication for test class com.example.platform.ConfigServiceApplicationTests
2019-09-13 12:24:27.761  INFO ???? --- [    Test worker] .b.t.c.SpringBootTestContextBootstrapper : Loaded default TestExecutionListener class names from location [META-INF/spring.factories]: [org.springframework.boot.test.autoconfigure.restdocs.RestDocsTestExecutionListener, org.springframework.boot.test.autoconfigure.web.client.MockRestServiceServerResetTestExecutionListener, org.springframework.boot.test.autoconfigure.web.servlet.MockMvcPrintOnlyOnFailureTestExecutionListener, org.springframework.boot.test.autoconfigure.web.servlet.WebDriverTestExecutionListener, org.springframework.boot.test.mock.mockito.MockitoTestExecutionListener, org.springframework.boot.test.mock.mockito.ResetMocksTestExecutionListener, org.springframework.test.context.web.ServletTestExecutionListener, org.springframework.test.context.support.DirtiesContextBeforeModesTestExecutionListener, org.springframework.test.context.support.DependencyInjectionTestExecutionListener, org.springframework.test.context.support.DirtiesContextTestExecutionListener, org.springframework.test.context.transaction.TransactionalTestExecutionListener, org.springframework.test.context.jdbc.SqlScriptsTestExecutionListener]
2019-09-13 12:24:27.773  INFO ???? --- [    Test worker] .b.t.c.SpringBootTestContextBootstrapper : Using TestExecutionListeners: [org.springframework.test.context.web.ServletTestExecutionListener@331d249c, org.springframework.test.context.support.DirtiesContextBeforeModesTestExecutionListener@9e3c379, org.springframework.boot.test.mock.mockito.MockitoTestExecutionListener@2d557aef, org.springframework.boot.test.autoconfigure.SpringBootDependencyInjectionTestExecutionListener@3cfd2f30, org.springframework.test.context.support.DirtiesContextTestExecutionListener@669ed5f7, org.springframework.test.context.transaction.TransactionalTestExecutionListener@71f12a56, org.springframework.test.context.jdbc.SqlScriptsTestExecutionListener@7775b485, org.springframework.boot.test.autoconfigure.restdocs.RestDocsTestExecutionListener@222481f4, org.springframework.boot.test.autoconfigure.web.client.MockRestServiceServerResetTestExecutionListener@3285d92a, org.springframework.boot.test.autoconfigure.web.servlet.MockMvcPrintOnlyOnFailureTestExecutionListener@4a5ef6b6, org.springframework.boot.test.autoconfigure.web.servlet.WebDriverTestExecutionListener@10d5a2e4, org.springframework.boot.test.mock.mockito.ResetMocksTestExecutionListener@16f8ba2b]
2019-09-13 12:24:28,287 Test worker DEBUG Reconfiguration started for context[name=2a139a55] at URI null (org.apache.logging.log4j.core.LoggerContext@7ce1bcc6) with optional ClassLoader: null
2019-09-13 12:24:28,287 Test worker DEBUG Using configurationFactory org.apache.logging.log4j.core.config.ConfigurationFactory$Factory@6aae493e
2019-09-13 12:24:28,297 Test worker INFO Log4j appears to be running in a Servlet environment, but there's no log4j-web module available. If you want better web container support, please add the log4j-web JAR to your web archive or server lib directory.
2019-09-13 12:24:28,298 Test worker DEBUG Closing BufferedInputStream java.io.BufferedInputStream@4387ba2f
2019-09-13 12:24:28,305 Test worker DEBUG Watching file '/Users/yh13095/progs/scratch/mycode/platform-services/config-service/build/resources/main/log4j2.xml' for lastModified Fri Sep 13 12:24:25 PDT 2019 (1568402665000)
2019-09-13 12:24:28,306 Test worker DEBUG Apache Log4j Core 2.11.2 initializing configuration XmlConfiguration[location=/Users/yh13095/progs/scratch/mycode/platform-services/config-service/build/resources/main/log4j2.xml]
2019-09-13 12:24:28,307 Test worker DEBUG Installed 1 script engine
2019-09-13 12:24:28,313 Test worker DEBUG Oracle Nashorn version: 1.8.0_222, language: ECMAScript, threading: Not Thread Safe, compile: true, names: [nashorn, Nashorn, js, JS, JavaScript, javascript, ECMAScript, ecmascript], factory class: jdk.nashorn.api.scripting.NashornScriptEngineFactory
2019-09-13 12:24:28,314 Test worker DEBUG PluginManager 'Core' found 118 plugins
2019-09-13 12:24:28,314 Test worker DEBUG PluginManager 'Level' found 0 plugins
2019-09-13 12:24:28,315 Test worker DEBUG Building Plugin[name=property, class=org.apache.logging.log4j.core.config.Property].
2019-09-13 12:24:28,316 Test worker DEBUG createProperty(name="LOG_MAX_FILE_SIZE", value="30 MB")
2019-09-13 12:24:28,316 Test worker DEBUG Building Plugin[name=property, class=org.apache.logging.log4j.core.config.Property].
2019-09-13 12:24:28,316 Test worker DEBUG createProperty(name="LOG_MAX_INDEX", value="10")
2019-09-13 12:24:28,317 Test worker DEBUG Building Plugin[name=property, class=org.apache.logging.log4j.core.config.Property].
2019-09-13 12:24:28,317 Test worker DEBUG createProperty(name="LOG_FILE_LOCATION_PREFIX", value="/tmp")
2019-09-13 12:24:28,317 Test worker DEBUG Building Plugin[name=property, class=org.apache.logging.log4j.core.config.Property].
2019-09-13 12:24:28,318 Test worker DEBUG createProperty(name="LOG_FILE", value="${LOG_FILE_LOCATION_PREFIX}/config-service.log")
2019-09-13 12:24:28,318 Test worker DEBUG Building Plugin[name=property, class=org.apache.logging.log4j.core.config.Property].
2019-09-13 12:24:28,319 Test worker DEBUG createProperty(name="LOG_FILE_PATTERN", value="${LOG_FILE}.%i.log.gz")
2019-09-13 12:24:28,320 Test worker DEBUG Building Plugin[name=property, class=org.apache.logging.log4j.core.config.Property].
2019-09-13 12:24:28,320 Test worker DEBUG createProperty(name="PID", value="????")
2019-09-13 12:24:28,320 Test worker DEBUG Building Plugin[name=property, class=org.apache.logging.log4j.core.config.Property].
2019-09-13 12:24:28,321 Test worker DEBUG createProperty(name="LOG_EXCEPTION_CONVERSION_WORD", value="%xwEx")
2019-09-13 12:24:28,321 Test worker DEBUG Building Plugin[name=property, class=org.apache.logging.log4j.core.config.Property].
2019-09-13 12:24:28,321 Test worker DEBUG createProperty(name="LOG_LEVEL_PATTERN", value="%5p")
2019-09-13 12:24:28,322 Test worker DEBUG Building Plugin[name=property, class=org.apache.logging.log4j.core.config.Property].
2019-09-13 12:24:28,322 Test worker DEBUG createProperty(name="LOG_DATEFORMAT_PATTERN", value="yyyy-MM-dd HH:mm:ss.SSS")
2019-09-13 12:24:28,322 Test worker DEBUG Building Plugin[name=property, class=org.apache.logging.log4j.core.config.Property].
2019-09-13 12:24:28,323 Test worker DEBUG createProperty(name="CONSOLE_LOG_PATTERN", value="%clr{%d{${LOG_DATEFORMAT_PATTERN}}}{faint} %clr{${LOG_LEVEL_PATTERN}} %clr{62126}{magenta} %clr{---}{faint} %clr{[%15.15t]}{faint} %clr{%-40.40c{1.}}{cyan} %clr{:}{faint} %m%n${sys:LOG_EXCEPTION_CONVERSION_WORD}")
2019-09-13 12:24:28,323 Test worker DEBUG Building Plugin[name=property, class=org.apache.logging.log4j.core.config.Property].
2019-09-13 12:24:28,323 Test worker DEBUG createProperty(name="FILE_LOG_PATTERN", value="%d{${LOG_DATEFORMAT_PATTERN}} ${LOG_LEVEL_PATTERN} 62126 --- [%t] %-40.40c{1.} : %m%n${sys:LOG_EXCEPTION_CONVERSION_WORD}")
2019-09-13 12:24:28,324 Test worker DEBUG Building Plugin[name=properties, class=org.apache.logging.log4j.core.config.PropertiesPlugin].
2019-09-13 12:24:28,324 Test worker DEBUG configureSubstitutor(={LOG_MAX_FILE_SIZE=30 MB, LOG_MAX_INDEX=10, LOG_FILE_LOCATION_PREFIX=/tmp, LOG_FILE=${LOG_FILE_LOCATION_PREFIX}/config-service.log, LOG_FILE_PATTERN=${LOG_FILE}.%i.log.gz, PID=????, LOG_EXCEPTION_CONVERSION_WORD=%xwEx, LOG_LEVEL_PATTERN=%5p, LOG_DATEFORMAT_PATTERN=yyyy-MM-dd HH:mm:ss.SSS, CONSOLE_LOG_PATTERN=%clr{%d{${LOG_DATEFORMAT_PATTERN}}}{faint} %clr{${LOG_LEVEL_PATTERN}} %clr{62126}{magenta} %clr{---}{faint} %clr{[%15.15t]}{faint} %clr{%-40.40c{1.}}{cyan} %clr{:}{faint} %m%n${sys:LOG_EXCEPTION_CONVERSION_WORD}, FILE_LOG_PATTERN=%d{${LOG_DATEFORMAT_PATTERN}} ${LOG_LEVEL_PATTERN} 62126 --- [%t] %-40.40c{1.} : %m%n${sys:LOG_EXCEPTION_CONVERSION_WORD}}, Configuration(/Users/yh13095/progs/scratch/mycode/platform-services/config-service/build/resources/main/log4j2.xml))
2019-09-13 12:24:28,325 Test worker DEBUG PluginManager 'Lookup' found 13 plugins
2019-09-13 12:24:28,325 Test worker DEBUG Building Plugin[name=layout, class=org.apache.logging.log4j.core.layout.PatternLayout].
2019-09-13 12:24:28,326 Test worker DEBUG PatternLayout$Builder(pattern="%d{yyyy-MM-dd HH:mm:ss.SSS} %5p 62126 --- [%t] %-40.40c{1.} : %m%n%xwEx", PatternSelector=null, Configuration(/Users/yh13095/progs/scratch/mycode/platform-services/config-service/build/resources/main/log4j2.xml), Replace=null, charset="null", alwaysWriteExceptions="null", disableAnsi="null", noConsoleNoAnsi="null", header="null", footer="null")
2019-09-13 12:24:28,326 Test worker DEBUG PluginManager 'Converter' found 47 plugins
2019-09-13 12:24:28,327 Test worker DEBUG Building Plugin[name=SizeBasedTriggeringPolicy, class=org.apache.logging.log4j.core.appender.rolling.SizeBasedTriggeringPolicy].
2019-09-13 12:24:28,327 Test worker DEBUG createPolicy(size="30 MB")
2019-09-13 12:24:28,327 Test worker DEBUG Building Plugin[name=Policies, class=org.apache.logging.log4j.core.appender.rolling.CompositeTriggeringPolicy].
2019-09-13 12:24:28,328 Test worker DEBUG createPolicy(={SizeBasedTriggeringPolicy(size=31457280)})
2019-09-13 12:24:28,328 Test worker DEBUG Building Plugin[name=DefaultRolloverStrategy, class=org.apache.logging.log4j.core.appender.rolling.DefaultRolloverStrategy].
2019-09-13 12:24:28,328 Test worker DEBUG DefaultRolloverStrategy$Builder(max="10", min="null", fileIndex="null", compressionLevel="null", ={}, stopCustomActionsOnError="null", tempCompressedFilePattern="null", Configuration(/Users/yh13095/progs/scratch/mycode/platform-services/config-service/build/resources/main/log4j2.xml))
2019-09-13 12:24:28,329 Test worker DEBUG Building Plugin[name=appender, class=org.apache.logging.log4j.core.appender.RollingRandomAccessFileAppender].
2019-09-13 12:24:28,329 Test worker DEBUG RollingRandomAccessFileAppender$Builder(fileName="/tmp/config-service.log", filePattern="/tmp/config-service.log.%i.log.gz", append="false", Policies(CompositeTriggeringPolicy(policies=[SizeBasedTriggeringPolicy(size=31457280)])), DefaultRolloverStrategy(DefaultRolloverStrategy(min=1, max=10, useMax=true)), advertise="null", advertiseURI="null", filePermissions="null", fileOwner="null", fileGroup="null", bufferedIo="null", bufferSize="null", immediateFlush="false", ignoreExceptions="null", PatternLayout(%d{yyyy-MM-dd HH:mm:ss.SSS} %5p 62126 --- [%t] %-40.40c{1.} : %m%n%xwEx), name="RandomAccessFile", Configuration(/Users/yh13095/progs/scratch/mycode/platform-services/config-service/build/resources/main/log4j2.xml), Filter=null, ={})
2019-09-13 12:24:28,330 Test worker DEBUG Initializing triggering policy SizeBasedTriggeringPolicy(size=31457280)
2019-09-13 12:24:28,330 Test worker DEBUG PluginManager 'FileConverter' found 2 plugins
2019-09-13 12:24:28,330 Test worker DEBUG Building Plugin[name=layout, class=org.apache.logging.log4j.core.layout.PatternLayout].
2019-09-13 12:24:28,331 Test worker DEBUG PatternLayout$Builder(pattern="%clr{%d{yyyy-MM-dd HH:mm:ss.SSS}}{faint} %clr{%5p} %clr{62126}{magenta} %clr{---}{faint} %clr{[%15.15t]}{faint} %clr{%-40.40c{1.}}{cyan} %clr{:}{faint} %m%n%xwEx", PatternSelector=null, Configuration(/Users/yh13095/progs/scratch/mycode/platform-services/config-service/build/resources/main/log4j2.xml), Replace=null, charset="null", alwaysWriteExceptions="null", disableAnsi="null", noConsoleNoAnsi="null", header="null", footer="null")
2019-09-13 12:24:28,331 Test worker DEBUG Building Plugin[name=appender, class=org.apache.logging.log4j.core.appender.ConsoleAppender].
2019-09-13 12:24:28,332 Test worker DEBUG ConsoleAppender$Builder(target="SYSTEM_OUT", follow="true", direct="null", bufferedIo="null", bufferSize="null", immediateFlush="null", ignoreExceptions="null", PatternLayout(%clr{%d{yyyy-MM-dd HH:mm:ss.SSS}}{faint} %clr{%5p} %clr{62126}{magenta} %clr{---}{faint} %clr{[%15.15t]}{faint} %clr{%-40.40c{1.}}{cyan} %clr{:}{faint} %m%n%xwEx), name="Console", Configuration(/Users/yh13095/progs/scratch/mycode/platform-services/config-service/build/resources/main/log4j2.xml), Filter=null, ={})
2019-09-13 12:24:28,333 Test worker DEBUG Building Plugin[name=appenders, class=org.apache.logging.log4j.core.config.AppendersPlugin].
2019-09-13 12:24:28,333 Test worker DEBUG createAppenders(={RandomAccessFile, Console})
2019-09-13 12:24:28,334 Test worker DEBUG Building Plugin[name=logger, class=org.apache.logging.log4j.core.config.LoggerConfig].
2019-09-13 12:24:28,334 Test worker DEBUG createLogger(additivity="true", level="ERROR", name="org.apache.catalina.startup.DigesterFactory", includeLocation="null", ={}, ={}, Configuration(/Users/yh13095/progs/scratch/mycode/platform-services/config-service/build/resources/main/log4j2.xml), Filter=null)
2019-09-13 12:24:28,335 Test worker DEBUG Building Plugin[name=logger, class=org.apache.logging.log4j.core.config.LoggerConfig].
2019-09-13 12:24:28,336 Test worker DEBUG createLogger(additivity="true", level="ERROR", name="org.apache.catalina.util.LifecycleBase", includeLocation="null", ={}, ={}, Configuration(/Users/yh13095/progs/scratch/mycode/platform-services/config-service/build/resources/main/log4j2.xml), Filter=null)
2019-09-13 12:24:28,336 Test worker DEBUG Building Plugin[name=logger, class=org.apache.logging.log4j.core.config.LoggerConfig].
2019-09-13 12:24:28,336 Test worker DEBUG createLogger(additivity="true", level="WARN", name="org.apache.coyote.http11.Http11NioProtocol", includeLocation="null", ={}, ={}, Configuration(/Users/yh13095/progs/scratch/mycode/platform-services/config-service/build/resources/main/log4j2.xml), Filter=null)
2019-09-13 12:24:28,337 Test worker DEBUG Building Plugin[name=logger, class=org.apache.logging.log4j.core.config.LoggerConfig].
2019-09-13 12:24:28,337 Test worker DEBUG createLogger(additivity="true", level="WARN", name="org.apache.sshd.common.util.SecurityUtils", includeLocation="null", ={}, ={}, Configuration(/Users/yh13095/progs/scratch/mycode/platform-services/config-service/build/resources/main/log4j2.xml), Filter=null)
2019-09-13 12:24:28,338 Test worker DEBUG Building Plugin[name=logger, class=org.apache.logging.log4j.core.config.LoggerConfig].
2019-09-13 12:24:28,338 Test worker DEBUG createLogger(additivity="true", level="WARN", name="org.apache.tomcat.util.net.NioSelectorPool", includeLocation="null", ={}, ={}, Configuration(/Users/yh13095/progs/scratch/mycode/platform-services/config-service/build/resources/main/log4j2.xml), Filter=null)
2019-09-13 12:24:28,338 Test worker DEBUG Building Plugin[name=logger, class=org.apache.logging.log4j.core.config.LoggerConfig].
2019-09-13 12:24:28,339 Test worker DEBUG createLogger(additivity="true", level="ERROR", name="org.eclipse.jetty.util.component.AbstractLifeCycle", includeLocation="null", ={}, ={}, Configuration(/Users/yh13095/progs/scratch/mycode/platform-services/config-service/build/resources/main/log4j2.xml), Filter=null)
2019-09-13 12:24:28,339 Test worker DEBUG Building Plugin[name=logger, class=org.apache.logging.log4j.core.config.LoggerConfig].
2019-09-13 12:24:28,340 Test worker DEBUG createLogger(additivity="true", level="WARN", name="org.hibernate.validator.internal.util.Version", includeLocation="null", ={}, ={}, Configuration(/Users/yh13095/progs/scratch/mycode/platform-services/config-service/build/resources/main/log4j2.xml), Filter=null)
2019-09-13 12:24:28,340 Test worker DEBUG Building Plugin[name=logger, class=org.apache.logging.log4j.core.config.LoggerConfig].
2019-09-13 12:24:28,341 Test worker DEBUG createLogger(additivity="true", level="WARN", name="org.springframework.boot.actuate.endpoint.jmx", includeLocation="null", ={}, ={}, Configuration(/Users/yh13095/progs/scratch/mycode/platform-services/config-service/build/resources/main/log4j2.xml), Filter=null)
2019-09-13 12:24:28,342 Test worker DEBUG Building Plugin[name=AppenderRef, class=org.apache.logging.log4j.core.config.AppenderRef].
2019-09-13 12:24:28,342 Test worker DEBUG createAppenderRef(ref="RandomAccessFile", level="null", Filter=null)
2019-09-13 12:24:28,342 Test worker DEBUG Building Plugin[name=AppenderRef, class=org.apache.logging.log4j.core.config.AppenderRef].
2019-09-13 12:24:28,343 Test worker DEBUG createAppenderRef(ref="Console", level="null", Filter=null)
2019-09-13 12:24:28,343 Test worker DEBUG Building Plugin[name=root, class=org.apache.logging.log4j.core.config.LoggerConfig$RootLogger].
2019-09-13 12:24:28,343 Test worker DEBUG createLogger(additivity="null", level="INFO", includeLocation="null", ={RandomAccessFile, Console}, ={}, Configuration(/Users/yh13095/progs/scratch/mycode/platform-services/config-service/build/resources/main/log4j2.xml), Filter=null)
2019-09-13 12:24:28,343 Test worker DEBUG Building Plugin[name=loggers, class=org.apache.logging.log4j.core.config.LoggersPlugin].
2019-09-13 12:24:28,344 Test worker DEBUG createLoggers(={org.apache.catalina.startup.DigesterFactory, org.apache.catalina.util.LifecycleBase, org.apache.coyote.http11.Http11NioProtocol, org.apache.sshd.common.util.SecurityUtils, org.apache.tomcat.util.net.NioSelectorPool, org.eclipse.jetty.util.component.AbstractLifeCycle, org.hibernate.validator.internal.util.Version, org.springframework.boot.actuate.endpoint.jmx, root})
2019-09-13 12:24:28,344 Test worker DEBUG Configuration XmlConfiguration[location=/Users/yh13095/progs/scratch/mycode/platform-services/config-service/build/resources/main/log4j2.xml] initialized
2019-09-13 12:24:28,344 Test worker DEBUG Starting configuration XmlConfiguration[location=/Users/yh13095/progs/scratch/mycode/platform-services/config-service/build/resources/main/log4j2.xml]
2019-09-13 12:24:28,345 Test worker DEBUG Log4j2 ConfigurationScheduler starting 1 threads
2019-09-13 12:24:28,345 Test worker DEBUG Started configuration XmlConfiguration[location=/Users/yh13095/progs/scratch/mycode/platform-services/config-service/build/resources/main/log4j2.xml] OK.
2019-09-13 12:24:28,346 Test worker DEBUG Appender Console stopped with status true
2019-09-13 12:24:28,346 Test worker DEBUG Appender RandomAccessFile stopped with status true
2019-09-13 12:24:28,346 Test worker DEBUG Log4j2 ConfigurationScheduler shutting down threads in java.util.concurrent.ScheduledThreadPoolExecutor@1a0601da[Running, pool size = 1, active threads = 0, queued tasks = 1, completed tasks = 0]
2019-09-13 12:24:28,347 Test worker DEBUG Stopped XmlConfiguration[location=/Users/yh13095/progs/scratch/mycode/platform-services/config-service/build/resources/main/log4j2.xml] OK
2019-09-13 12:24:28,348 Test worker DEBUG Registering MBean org.apache.logging.log4j2:type=2a139a55
2019-09-13 12:24:28,349 Test worker DEBUG Registering MBean org.apache.logging.log4j2:type=2a139a55,component=StatusLogger
2019-09-13 12:24:28,349 Test worker DEBUG Registering MBean org.apache.logging.log4j2:type=2a139a55,component=ContextSelector
2019-09-13 12:24:28,349 Test worker DEBUG Registering MBean org.apache.logging.log4j2:type=2a139a55,component=Loggers,name=org.apache.tomcat.util.net.NioSelectorPool
2019-09-13 12:24:28,350 Test worker DEBUG Registering MBean org.apache.logging.log4j2:type=2a139a55,component=Loggers,name=org.hibernate.validator.internal.util.Version
2019-09-13 12:24:28,350 Test worker DEBUG Registering MBean org.apache.logging.log4j2:type=2a139a55,component=Loggers,name=
2019-09-13 12:24:28,350 Test worker DEBUG Registering MBean org.apache.logging.log4j2:type=2a139a55,component=Loggers,name=org.apache.coyote.http11.Http11NioProtocol
2019-09-13 12:24:28,351 Test worker DEBUG Registering MBean org.apache.logging.log4j2:type=2a139a55,component=Loggers,name=org.springframework.boot.actuate.endpoint.jmx
2019-09-13 12:24:28,351 Test worker DEBUG Registering MBean org.apache.logging.log4j2:type=2a139a55,component=Loggers,name=org.apache.catalina.startup.DigesterFactory
2019-09-13 12:24:28,351 Test worker DEBUG Registering MBean org.apache.logging.log4j2:type=2a139a55,component=Loggers,name=org.eclipse.jetty.util.component.AbstractLifeCycle
2019-09-13 12:24:28,352 Test worker DEBUG Registering MBean org.apache.logging.log4j2:type=2a139a55,component=Loggers,name=org.apache.catalina.util.LifecycleBase
2019-09-13 12:24:28,352 Test worker DEBUG Registering MBean org.apache.logging.log4j2:type=2a139a55,component=Loggers,name=org.apache.sshd.common.util.SecurityUtils
2019-09-13 12:24:28,352 Test worker DEBUG Registering MBean org.apache.logging.log4j2:type=2a139a55,component=Appenders,name=RandomAccessFile
2019-09-13 12:24:28,353 Test worker DEBUG Registering MBean org.apache.logging.log4j2:type=2a139a55,component=Appenders,name=Console
2019-09-13 12:24:28,353 Test worker DEBUG Reconfiguration complete for context[name=2a139a55] at URI /Users/yh13095/progs/scratch/mycode/platform-services/config-service/build/resources/main/log4j2.xml (org.apache.logging.log4j.core.LoggerContext@7ce1bcc6) with optional ClassLoader: null
2019-09-13 12:24:28.689  INFO 62126 --- [    Test worker] trationDelegate$BeanPostProcessorChecker : Bean 'org.springframework.cloud.autoconfigure.ConfigurationPropertiesRebinderAutoConfiguration' of type [org.springframework.cloud.autoconfigure.ConfigurationPropertiesRebinderAutoConfiguration$$EnhancerBySpringCGLIB$$6f65d75d] is not eligible for getting processed by all BeanPostProcessors (for example: not eligible for auto-proxying)
2019-09-13 12:24:28,800 Test worker DEBUG Reconfiguration started for context[name=2a139a55] at URI null (org.apache.logging.log4j.core.LoggerContext@7ce1bcc6) with optional ClassLoader: null
2019-09-13 12:24:28,800 Test worker DEBUG Using configurationFactory org.apache.logging.log4j.core.config.ConfigurationFactory$Factory@6aae493e
2019-09-13 12:24:28,808 Test worker INFO Log4j appears to be running in a Servlet environment, but there's no log4j-web module available. If you want better web container support, please add the log4j-web JAR to your web archive or server lib directory.
2019-09-13 12:24:28,809 Test worker DEBUG Closing BufferedInputStream java.io.BufferedInputStream@42e60597
2019-09-13 12:24:28,813 Test worker DEBUG Watching file '/Users/yh13095/progs/scratch/mycode/platform-services/config-service/build/resources/main/log4j2.xml' for lastModified Fri Sep 13 12:24:25 PDT 2019 (1568402665000)
2019-09-13 12:24:28,813 Test worker DEBUG Apache Log4j Core 2.11.2 initializing configuration XmlConfiguration[location=/Users/yh13095/progs/scratch/mycode/platform-services/config-service/build/resources/main/log4j2.xml]
2019-09-13 12:24:28,814 Test worker DEBUG Installed 1 script engine
2019-09-13 12:24:28,819 Test worker DEBUG Oracle Nashorn version: 1.8.0_222, language: ECMAScript, threading: Not Thread Safe, compile: true, names: [nashorn, Nashorn, js, JS, JavaScript, javascript, ECMAScript, ecmascript], factory class: jdk.nashorn.api.scripting.NashornScriptEngineFactory
2019-09-13 12:24:28,820 Test worker DEBUG PluginManager 'Core' found 118 plugins
2019-09-13 12:24:28,820 Test worker DEBUG PluginManager 'Level' found 0 plugins
2019-09-13 12:24:28,821 Test worker DEBUG Building Plugin[name=property, class=org.apache.logging.log4j.core.config.Property].
2019-09-13 12:24:28,822 Test worker DEBUG createProperty(name="LOG_MAX_FILE_SIZE", value="30 MB")
2019-09-13 12:24:28,822 Test worker DEBUG Building Plugin[name=property, class=org.apache.logging.log4j.core.config.Property].
2019-09-13 12:24:28,822 Test worker DEBUG createProperty(name="LOG_MAX_INDEX", value="10")
2019-09-13 12:24:28,823 Test worker DEBUG Building Plugin[name=property, class=org.apache.logging.log4j.core.config.Property].
2019-09-13 12:24:28,823 Test worker DEBUG createProperty(name="LOG_FILE_LOCATION_PREFIX", value="/tmp")
2019-09-13 12:24:28,823 Test worker DEBUG Building Plugin[name=property, class=org.apache.logging.log4j.core.config.Property].
2019-09-13 12:24:28,824 Test worker DEBUG createProperty(name="LOG_FILE", value="${LOG_FILE_LOCATION_PREFIX}/config-service.log")
2019-09-13 12:24:28,824 Test worker DEBUG Building Plugin[name=property, class=org.apache.logging.log4j.core.config.Property].
2019-09-13 12:24:28,824 Test worker DEBUG createProperty(name="LOG_FILE_PATTERN", value="${LOG_FILE}.%i.log.gz")
2019-09-13 12:24:28,825 Test worker DEBUG Building Plugin[name=property, class=org.apache.logging.log4j.core.config.Property].
2019-09-13 12:24:28,825 Test worker DEBUG createProperty(name="PID", value="????")
2019-09-13 12:24:28,825 Test worker DEBUG Building Plugin[name=property, class=org.apache.logging.log4j.core.config.Property].
2019-09-13 12:24:28,825 Test worker DEBUG createProperty(name="LOG_EXCEPTION_CONVERSION_WORD", value="%xwEx")
2019-09-13 12:24:28,825 Test worker DEBUG Building Plugin[name=property, class=org.apache.logging.log4j.core.config.Property].
2019-09-13 12:24:28,826 Test worker DEBUG createProperty(name="LOG_LEVEL_PATTERN", value="%5p")
2019-09-13 12:24:28,826 Test worker DEBUG Building Plugin[name=property, class=org.apache.logging.log4j.core.config.Property].
2019-09-13 12:24:28,826 Test worker DEBUG createProperty(name="LOG_DATEFORMAT_PATTERN", value="yyyy-MM-dd HH:mm:ss.SSS")
2019-09-13 12:24:28,826 Test worker DEBUG Building Plugin[name=property, class=org.apache.logging.log4j.core.config.Property].
2019-09-13 12:24:28,827 Test worker DEBUG createProperty(name="CONSOLE_LOG_PATTERN", value="%clr{%d{${LOG_DATEFORMAT_PATTERN}}}{faint} %clr{${LOG_LEVEL_PATTERN}} %clr{62126}{magenta} %clr{---}{faint} %clr{[%15.15t]}{faint} %clr{%-40.40c{1.}}{cyan} %clr{:}{faint} %m%n${sys:LOG_EXCEPTION_CONVERSION_WORD}")
2019-09-13 12:24:28,827 Test worker DEBUG Building Plugin[name=property, class=org.apache.logging.log4j.core.config.Property].
2019-09-13 12:24:28,827 Test worker DEBUG createProperty(name="FILE_LOG_PATTERN", value="%d{${LOG_DATEFORMAT_PATTERN}} ${LOG_LEVEL_PATTERN} 62126 --- [%t] %-40.40c{1.} : %m%n${sys:LOG_EXCEPTION_CONVERSION_WORD}")
2019-09-13 12:24:28,827 Test worker DEBUG Building Plugin[name=properties, class=org.apache.logging.log4j.core.config.PropertiesPlugin].
2019-09-13 12:24:28,828 Test worker DEBUG configureSubstitutor(={LOG_MAX_FILE_SIZE=30 MB, LOG_MAX_INDEX=10, LOG_FILE_LOCATION_PREFIX=/tmp, LOG_FILE=${LOG_FILE_LOCATION_PREFIX}/config-service.log, LOG_FILE_PATTERN=${LOG_FILE}.%i.log.gz, PID=????, LOG_EXCEPTION_CONVERSION_WORD=%xwEx, LOG_LEVEL_PATTERN=%5p, LOG_DATEFORMAT_PATTERN=yyyy-MM-dd HH:mm:ss.SSS, CONSOLE_LOG_PATTERN=%clr{%d{${LOG_DATEFORMAT_PATTERN}}}{faint} %clr{${LOG_LEVEL_PATTERN}} %clr{62126}{magenta} %clr{---}{faint} %clr{[%15.15t]}{faint} %clr{%-40.40c{1.}}{cyan} %clr{:}{faint} %m%n${sys:LOG_EXCEPTION_CONVERSION_WORD}, FILE_LOG_PATTERN=%d{${LOG_DATEFORMAT_PATTERN}} ${LOG_LEVEL_PATTERN} 62126 --- [%t] %-40.40c{1.} : %m%n${sys:LOG_EXCEPTION_CONVERSION_WORD}}, Configuration(/Users/yh13095/progs/scratch/mycode/platform-services/config-service/build/resources/main/log4j2.xml))
2019-09-13 12:24:28,828 Test worker DEBUG PluginManager 'Lookup' found 13 plugins
2019-09-13 12:24:28,828 Test worker DEBUG Building Plugin[name=layout, class=org.apache.logging.log4j.core.layout.PatternLayout].
2019-09-13 12:24:28,829 Test worker DEBUG PatternLayout$Builder(pattern="%d{yyyy-MM-dd HH:mm:ss.SSS} %5p 62126 --- [%t] %-40.40c{1.} : %m%n%xwEx", PatternSelector=null, Configuration(/Users/yh13095/progs/scratch/mycode/platform-services/config-service/build/resources/main/log4j2.xml), Replace=null, charset="null", alwaysWriteExceptions="null", disableAnsi="null", noConsoleNoAnsi="null", header="null", footer="null")
2019-09-13 12:24:28,829 Test worker DEBUG PluginManager 'Converter' found 47 plugins
2019-09-13 12:24:28,830 Test worker DEBUG Building Plugin[name=SizeBasedTriggeringPolicy, class=org.apache.logging.log4j.core.appender.rolling.SizeBasedTriggeringPolicy].
2019-09-13 12:24:28,830 Test worker DEBUG createPolicy(size="30 MB")
2019-09-13 12:24:28,831 Test worker DEBUG Building Plugin[name=Policies, class=org.apache.logging.log4j.core.appender.rolling.CompositeTriggeringPolicy].
2019-09-13 12:24:28,831 Test worker DEBUG createPolicy(={SizeBasedTriggeringPolicy(size=31457280)})
2019-09-13 12:24:28,831 Test worker DEBUG Building Plugin[name=DefaultRolloverStrategy, class=org.apache.logging.log4j.core.appender.rolling.DefaultRolloverStrategy].
2019-09-13 12:24:28,831 Test worker DEBUG DefaultRolloverStrategy$Builder(max="10", min="null", fileIndex="null", compressionLevel="null", ={}, stopCustomActionsOnError="null", tempCompressedFilePattern="null", Configuration(/Users/yh13095/progs/scratch/mycode/platform-services/config-service/build/resources/main/log4j2.xml))
2019-09-13 12:24:28,832 Test worker DEBUG Building Plugin[name=appender, class=org.apache.logging.log4j.core.appender.RollingRandomAccessFileAppender].
2019-09-13 12:24:28,832 Test worker DEBUG RollingRandomAccessFileAppender$Builder(fileName="/tmp/config-service.log", filePattern="/tmp/config-service.log.%i.log.gz", append="false", Policies(CompositeTriggeringPolicy(policies=[SizeBasedTriggeringPolicy(size=31457280)])), DefaultRolloverStrategy(DefaultRolloverStrategy(min=1, max=10, useMax=true)), advertise="null", advertiseURI="null", filePermissions="null", fileOwner="null", fileGroup="null", bufferedIo="null", bufferSize="null", immediateFlush="false", ignoreExceptions="null", PatternLayout(%d{yyyy-MM-dd HH:mm:ss.SSS} %5p 62126 --- [%t] %-40.40c{1.} : %m%n%xwEx), name="RandomAccessFile", Configuration(/Users/yh13095/progs/scratch/mycode/platform-services/config-service/build/resources/main/log4j2.xml), Filter=null, ={})
2019-09-13 12:24:28,833 Test worker DEBUG Initializing triggering policy SizeBasedTriggeringPolicy(size=31457280)
2019-09-13 12:24:28,833 Test worker DEBUG PluginManager 'FileConverter' found 2 plugins
2019-09-13 12:24:28,834 Test worker DEBUG Building Plugin[name=layout, class=org.apache.logging.log4j.core.layout.PatternLayout].
2019-09-13 12:24:28,834 Test worker DEBUG PatternLayout$Builder(pattern="%clr{%d{yyyy-MM-dd HH:mm:ss.SSS}}{faint} %clr{%5p} %clr{62126}{magenta} %clr{---}{faint} %clr{[%15.15t]}{faint} %clr{%-40.40c{1.}}{cyan} %clr{:}{faint} %m%n%xwEx", PatternSelector=null, Configuration(/Users/yh13095/progs/scratch/mycode/platform-services/config-service/build/resources/main/log4j2.xml), Replace=null, charset="null", alwaysWriteExceptions="null", disableAnsi="null", noConsoleNoAnsi="null", header="null", footer="null")
2019-09-13 12:24:28,835 Test worker DEBUG Building Plugin[name=appender, class=org.apache.logging.log4j.core.appender.ConsoleAppender].
2019-09-13 12:24:28,835 Test worker DEBUG ConsoleAppender$Builder(target="SYSTEM_OUT", follow="true", direct="null", bufferedIo="null", bufferSize="null", immediateFlush="null", ignoreExceptions="null", PatternLayout(%clr{%d{yyyy-MM-dd HH:mm:ss.SSS}}{faint} %clr{%5p} %clr{62126}{magenta} %clr{---}{faint} %clr{[%15.15t]}{faint} %clr{%-40.40c{1.}}{cyan} %clr{:}{faint} %m%n%xwEx), name="Console", Configuration(/Users/yh13095/progs/scratch/mycode/platform-services/config-service/build/resources/main/log4j2.xml), Filter=null, ={})
2019-09-13 12:24:28,836 Test worker DEBUG Building Plugin[name=appenders, class=org.apache.logging.log4j.core.config.AppendersPlugin].
2019-09-13 12:24:28,836 Test worker DEBUG createAppenders(={RandomAccessFile, Console})
2019-09-13 12:24:28,837 Test worker DEBUG Building Plugin[name=logger, class=org.apache.logging.log4j.core.config.LoggerConfig].
2019-09-13 12:24:28,837 Test worker DEBUG createLogger(additivity="true", level="ERROR", name="org.apache.catalina.startup.DigesterFactory", includeLocation="null", ={}, ={}, Configuration(/Users/yh13095/progs/scratch/mycode/platform-services/config-service/build/resources/main/log4j2.xml), Filter=null)
2019-09-13 12:24:28,838 Test worker DEBUG Building Plugin[name=logger, class=org.apache.logging.log4j.core.config.LoggerConfig].
2019-09-13 12:24:28,838 Test worker DEBUG createLogger(additivity="true", level="ERROR", name="org.apache.catalina.util.LifecycleBase", includeLocation="null", ={}, ={}, Configuration(/Users/yh13095/progs/scratch/mycode/platform-services/config-service/build/resources/main/log4j2.xml), Filter=null)
2019-09-13 12:24:28,839 Test worker DEBUG Building Plugin[name=logger, class=org.apache.logging.log4j.core.config.LoggerConfig].
2019-09-13 12:24:28,839 Test worker DEBUG createLogger(additivity="true", level="WARN", name="org.apache.coyote.http11.Http11NioProtocol", includeLocation="null", ={}, ={}, Configuration(/Users/yh13095/progs/scratch/mycode/platform-services/config-service/build/resources/main/log4j2.xml), Filter=null)
2019-09-13 12:24:28,839 Test worker DEBUG Building Plugin[name=logger, class=org.apache.logging.log4j.core.config.LoggerConfig].
2019-09-13 12:24:28,840 Test worker DEBUG createLogger(additivity="true", level="WARN", name="org.apache.sshd.common.util.SecurityUtils", includeLocation="null", ={}, ={}, Configuration(/Users/yh13095/progs/scratch/mycode/platform-services/config-service/build/resources/main/log4j2.xml), Filter=null)
2019-09-13 12:24:28,840 Test worker DEBUG Building Plugin[name=logger, class=org.apache.logging.log4j.core.config.LoggerConfig].
2019-09-13 12:24:28,841 Test worker DEBUG createLogger(additivity="true", level="WARN", name="org.apache.tomcat.util.net.NioSelectorPool", includeLocation="null", ={}, ={}, Configuration(/Users/yh13095/progs/scratch/mycode/platform-services/config-service/build/resources/main/log4j2.xml), Filter=null)
2019-09-13 12:24:28,841 Test worker DEBUG Building Plugin[name=logger, class=org.apache.logging.log4j.core.config.LoggerConfig].
2019-09-13 12:24:28,841 Test worker DEBUG createLogger(additivity="true", level="ERROR", name="org.eclipse.jetty.util.component.AbstractLifeCycle", includeLocation="null", ={}, ={}, Configuration(/Users/yh13095/progs/scratch/mycode/platform-services/config-service/build/resources/main/log4j2.xml), Filter=null)
2019-09-13 12:24:28,841 Test worker DEBUG Building Plugin[name=logger, class=org.apache.logging.log4j.core.config.LoggerConfig].
2019-09-13 12:24:28,842 Test worker DEBUG createLogger(additivity="true", level="WARN", name="org.hibernate.validator.internal.util.Version", includeLocation="null", ={}, ={}, Configuration(/Users/yh13095/progs/scratch/mycode/platform-services/config-service/build/resources/main/log4j2.xml), Filter=null)
2019-09-13 12:24:28,842 Test worker DEBUG Building Plugin[name=logger, class=org.apache.logging.log4j.core.config.LoggerConfig].
2019-09-13 12:24:28,843 Test worker DEBUG createLogger(additivity="true", level="WARN", name="org.springframework.boot.actuate.endpoint.jmx", includeLocation="null", ={}, ={}, Configuration(/Users/yh13095/progs/scratch/mycode/platform-services/config-service/build/resources/main/log4j2.xml), Filter=null)
2019-09-13 12:24:28,843 Test worker DEBUG Building Plugin[name=AppenderRef, class=org.apache.logging.log4j.core.config.AppenderRef].
2019-09-13 12:24:28,843 Test worker DEBUG createAppenderRef(ref="RandomAccessFile", level="null", Filter=null)
2019-09-13 12:24:28,843 Test worker DEBUG Building Plugin[name=AppenderRef, class=org.apache.logging.log4j.core.config.AppenderRef].
2019-09-13 12:24:28,844 Test worker DEBUG createAppenderRef(ref="Console", level="null", Filter=null)
2019-09-13 12:24:28,844 Test worker DEBUG Building Plugin[name=root, class=org.apache.logging.log4j.core.config.LoggerConfig$RootLogger].
2019-09-13 12:24:28,845 Test worker DEBUG createLogger(additivity="null", level="INFO", includeLocation="null", ={RandomAccessFile, Console}, ={}, Configuration(/Users/yh13095/progs/scratch/mycode/platform-services/config-service/build/resources/main/log4j2.xml), Filter=null)
2019-09-13 12:24:28,845 Test worker DEBUG Building Plugin[name=loggers, class=org.apache.logging.log4j.core.config.LoggersPlugin].
2019-09-13 12:24:28,845 Test worker DEBUG createLoggers(={org.apache.catalina.startup.DigesterFactory, org.apache.catalina.util.LifecycleBase, org.apache.coyote.http11.Http11NioProtocol, org.apache.sshd.common.util.SecurityUtils, org.apache.tomcat.util.net.NioSelectorPool, org.eclipse.jetty.util.component.AbstractLifeCycle, org.hibernate.validator.internal.util.Version, org.springframework.boot.actuate.endpoint.jmx, root})
2019-09-13 12:24:28,845 Test worker DEBUG Configuration XmlConfiguration[location=/Users/yh13095/progs/scratch/mycode/platform-services/config-service/build/resources/main/log4j2.xml] initialized
2019-09-13 12:24:28,846 Test worker DEBUG Starting configuration XmlConfiguration[location=/Users/yh13095/progs/scratch/mycode/platform-services/config-service/build/resources/main/log4j2.xml]
2019-09-13 12:24:28,846 Test worker DEBUG Log4j2 ConfigurationScheduler starting 1 threads
2019-09-13 12:24:28,846 Test worker DEBUG Started configuration XmlConfiguration[location=/Users/yh13095/progs/scratch/mycode/platform-services/config-service/build/resources/main/log4j2.xml] OK.
2019-09-13 12:24:28,847 Test worker DEBUG Appender Console stopped with status true
2019-09-13 12:24:28,847 Test worker DEBUG Appender RandomAccessFile stopped with status true
2019-09-13 12:24:28,847 Test worker DEBUG Log4j2 ConfigurationScheduler shutting down threads in java.util.concurrent.ScheduledThreadPoolExecutor@4e0f0811[Running, pool size = 1, active threads = 0, queued tasks = 1, completed tasks = 0]
2019-09-13 12:24:28,848 Test worker DEBUG Stopped XmlConfiguration[location=/Users/yh13095/progs/scratch/mycode/platform-services/config-service/build/resources/main/log4j2.xml] OK
2019-09-13 12:24:28,849 Test worker DEBUG Registering MBean org.apache.logging.log4j2:type=2a139a55
2019-09-13 12:24:28,849 Test worker DEBUG Registering MBean org.apache.logging.log4j2:type=2a139a55,component=StatusLogger
2019-09-13 12:24:28,849 Test worker DEBUG Registering MBean org.apache.logging.log4j2:type=2a139a55,component=ContextSelector
2019-09-13 12:24:28,850 Test worker DEBUG Registering MBean org.apache.logging.log4j2:type=2a139a55,component=Loggers,name=org.apache.tomcat.util.net.NioSelectorPool
2019-09-13 12:24:28,850 Test worker DEBUG Registering MBean org.apache.logging.log4j2:type=2a139a55,component=Loggers,name=org.hibernate.validator.internal.util.Version
2019-09-13 12:24:28,850 Test worker DEBUG Registering MBean org.apache.logging.log4j2:type=2a139a55,component=Loggers,name=
2019-09-13 12:24:28,851 Test worker DEBUG Registering MBean org.apache.logging.log4j2:type=2a139a55,component=Loggers,name=org.apache.coyote.http11.Http11NioProtocol
2019-09-13 12:24:28,851 Test worker DEBUG Registering MBean org.apache.logging.log4j2:type=2a139a55,component=Loggers,name=org.springframework.boot.actuate.endpoint.jmx
2019-09-13 12:24:28,852 Test worker DEBUG Registering MBean org.apache.logging.log4j2:type=2a139a55,component=Loggers,name=org.apache.catalina.startup.DigesterFactory
2019-09-13 12:24:28,852 Test worker DEBUG Registering MBean org.apache.logging.log4j2:type=2a139a55,component=Loggers,name=org.eclipse.jetty.util.component.AbstractLifeCycle
2019-09-13 12:24:28,852 Test worker DEBUG Registering MBean org.apache.logging.log4j2:type=2a139a55,component=Loggers,name=org.apache.catalina.util.LifecycleBase
2019-09-13 12:24:28,852 Test worker DEBUG Registering MBean org.apache.logging.log4j2:type=2a139a55,component=Loggers,name=org.apache.sshd.common.util.SecurityUtils
2019-09-13 12:24:28,853 Test worker DEBUG Registering MBean org.apache.logging.log4j2:type=2a139a55,component=Appenders,name=RandomAccessFile
2019-09-13 12:24:28,853 Test worker DEBUG Registering MBean org.apache.logging.log4j2:type=2a139a55,component=Appenders,name=Console
2019-09-13 12:24:28,853 Test worker DEBUG Reconfiguration complete for context[name=2a139a55] at URI /Users/yh13095/progs/scratch/mycode/platform-services/config-service/build/resources/main/log4j2.xml (org.apache.logging.log4j.core.LoggerContext@7ce1bcc6) with optional ClassLoader: null

  .   ____          _            __ _ _
 /\\ / ___'_ __ _ _(_)_ __  __ _ \ \ \ \
( ( )\___ | '_ | '_| | '_ \/ _` | \ \ \ \
 \\/  ___)| |_)| | | | | || (_| |  ) ) ) )
  '  |____| .__|_| |_|_| |_\__, | / / / /
 =========|_|==============|___/=/_/_/_/
 :: Spring Boot ::        (v2.1.3.RELEASE)

2019-09-13 12:24:28.870  INFO 62126 --- [    Test worker] c.e.p.ConfigServiceApplicationTests      : No active profile set, falling back to default profiles: default
2019-09-13 12:24:29.549  WARN 62126 --- [    Test worker] o.s.b.a.e.EndpointId                     : Endpoint ID 'service-registry' contains invalid characters, please migrate to a valid format.
2019-09-13 12:24:29.881  INFO 62126 --- [    Test worker] o.s.c.c.s.GenericScope                   : BeanFactory id=45f84b5b-7cff-3de9-a474-06fffa962856
2019-09-13 12:24:29.930  INFO 62126 --- [    Test worker] faultConfiguringBeanFactoryPostProcessor : No bean named 'errorChannel' has been explicitly defined. Therefore, a default PublishSubscribeChannel will be created.
2019-09-13 12:24:29.935  INFO 62126 --- [    Test worker] faultConfiguringBeanFactoryPostProcessor : No bean named 'taskScheduler' has been explicitly defined. Therefore, a default ThreadPoolTaskScheduler will be created.
2019-09-13 12:24:29.940  INFO 62126 --- [    Test worker] faultConfiguringBeanFactoryPostProcessor : No bean named 'integrationHeaderChannelRegistry' has been explicitly defined. Therefore, a default DefaultHeaderChannelRegistry will be created.
2019-09-13 12:24:29.980  INFO 62126 --- [    Test worker] trationDelegate$BeanPostProcessorChecker : Bean 'org.springframework.amqp.rabbit.annotation.RabbitBootstrapConfiguration' of type [org.springframework.amqp.rabbit.annotation.RabbitBootstrapConfiguration$$EnhancerBySpringCGLIB$$19b7928e] is not eligible for getting processed by all BeanPostProcessors (for example: not eligible for auto-proxying)
2019-09-13 12:24:30.256  INFO 62126 --- [    Test worker] trationDelegate$BeanPostProcessorChecker : Bean 'org.springframework.integration.config.IntegrationManagementConfiguration' of type [org.springframework.integration.config.IntegrationManagementConfiguration$$EnhancerBySpringCGLIB$$be3d8f8f] is not eligible for getting processed by all BeanPostProcessors (for example: not eligible for auto-proxying)
2019-09-13 12:24:30.290  INFO 62126 --- [    Test worker] trationDelegate$BeanPostProcessorChecker : Bean 'integrationDisposableAutoCreatedBeans' of type [org.springframework.integration.config.annotation.Disposables] is not eligible for getting processed by all BeanPostProcessors (for example: not eligible for auto-proxying)
2019-09-13 12:24:30.326  INFO 62126 --- [    Test worker] trationDelegate$BeanPostProcessorChecker : Bean 'org.springframework.cloud.autoconfigure.ConfigurationPropertiesRebinderAutoConfiguration' of type [org.springframework.cloud.autoconfigure.ConfigurationPropertiesRebinderAutoConfiguration$$EnhancerBySpringCGLIB$$6f65d75d] is not eligible for getting processed by all BeanPostProcessors (for example: not eligible for auto-proxying)
2019-09-13 12:24:31.354  INFO 62126 --- [    Test worker] o.s.s.c.ThreadPoolTaskExecutor           : Initializing ExecutorService 'applicationTaskExecutor'
2019-09-13 12:24:32.697  WARN 62126 --- [    Test worker] o.s.c.k.KubernetesAutoConfiguration      : No namespace has been detected. Please specify KUBERNETES_NAMESPACE env var, or use a later kubernetes version (1.3 or later)
2019-09-13 12:24:34.391  INFO 62126 --- [    Test worker] o.s.b.a.e.w.EndpointLinksResolver        : Exposing 21 endpoint(s) beneath base path '/actuator'
2019-09-13 12:24:34.606  INFO 62126 --- [    Test worker] o.s.s.c.ThreadPoolTaskScheduler          : Initializing ExecutorService 'taskScheduler'
2019-09-13 12:24:34.741  INFO 62126 --- [    Test worker] o.s.i.e.EventDrivenConsumer              : Adding {logging-channel-adapter:_org.springframework.integration.errorLogger} as a subscriber to the 'errorChannel' channel
2019-09-13 12:24:34.741  INFO 62126 --- [    Test worker] o.s.i.c.PublishSubscribeChannel          : Channel 'config-service-1.errorChannel' has 1 subscriber(s).
2019-09-13 12:24:34.742  INFO 62126 --- [    Test worker] o.s.i.e.EventDrivenConsumer              : started _org.springframework.integration.errorLogger
2019-09-13 12:24:34.742  INFO 62126 --- [    Test worker] o.s.c.c.m.FileMonitorConfiguration       : Not monitoring for local config changes
2019-09-13 12:24:34.808  INFO 62126 --- [    Test worker] c.e.p.ConfigServiceApplicationTests      : Started ConfigServiceApplicationTests in 7.006 seconds (JVM running for 8.151)
]]></system-out>
  <system-err><![CDATA[]]></system-err>
</testsuite>
